Determining if the pthread_create exist failed with the following output:
Change Dir: /home/weizhang/DA-RNN/data/LabScene/data/table_finder/build/CMakeFiles/CMakeTmp

Run Build Command:"/usr/bin/make" "cmTC_fa2c5/fast"
/usr/bin/make -f CMakeFiles/cmTC_fa2c5.dir/build.make CMakeFiles/cmTC_fa2c5.dir/build
make[1]: Entering directory '/home/weizhang/DA-RNN/data/LabScene/data/table_finder/build/CMakeFiles/CMakeTmp'
Building C object CMakeFiles/cmTC_fa2c5.dir/CheckSymbolExists.c.o
/usr/bin/cc     -o CMakeFiles/cmTC_fa2c5.dir/CheckSymbolExists.c.o   -c /home/weizhang/DA-RNN/data/LabScene/data/table_finder/build/CMakeFiles/CMakeTmp/CheckSymbolExists.c
Linking C executable cmTC_fa2c5
/usr/bin/cmake -E cmake_link_script CMakeFiles/cmTC_fa2c5.dir/link.txt --verbose=1
/usr/bin/cc       CMakeFiles/cmTC_fa2c5.dir/CheckSymbolExists.c.o  -o cmTC_fa2c5 -rdynamic 
CMakeFiles/cmTC_fa2c5.dir/CheckSymbolExists.c.o: In function `main':
CheckSymbolExists.c:(.text+0x16): undefined reference to `pthread_create'
collect2: error: ld returned 1 exit status
CMakeFiles/cmTC_fa2c5.dir/build.make:97: recipe for target 'cmTC_fa2c5' failed
make[1]: *** [cmTC_fa2c5] Error 1
make[1]: Leaving directory '/home/weizhang/DA-RNN/data/LabScene/data/table_finder/build/CMakeFiles/CMakeTmp'
Makefile:126: recipe for target 'cmTC_fa2c5/fast' failed
make: *** [cmTC_fa2c5/fast] Error 2

File /home/weizhang/DA-RNN/data/LabScene/data/table_finder/build/CMakeFiles/CMakeTmp/CheckSymbolExists.c:
/* */
#include <pthread.h>

int main(int argc, char** argv)
{
  (void)argv;
#ifndef pthread_create
  return ((int*)(&pthread_create))[argc];
#else
  (void)argc;
  return 0;
#endif
}

Determining if the function pthread_create exists in the pthreads failed with the following output:
Change Dir: /home/weizhang/DA-RNN/data/LabScene/data/table_finder/build/CMakeFiles/CMakeTmp

Run Build Command:"/usr/bin/make" "cmTC_6c99c/fast"
/usr/bin/make -f CMakeFiles/cmTC_6c99c.dir/build.make CMakeFiles/cmTC_6c99c.dir/build
make[1]: Entering directory '/home/weizhang/DA-RNN/data/LabScene/data/table_finder/build/CMakeFiles/CMakeTmp'
Building C object CMakeFiles/cmTC_6c99c.dir/CheckFunctionExists.c.o
/usr/bin/cc    -DCHECK_FUNCTION_EXISTS=pthread_create   -o CMakeFiles/cmTC_6c99c.dir/CheckFunctionExists.c.o   -c /usr/share/cmake-3.5/Modules/CheckFunctionExists.c
Linking C executable cmTC_6c99c
/usr/bin/cmake -E cmake_link_script CMakeFiles/cmTC_6c99c.dir/link.txt --verbose=1
/usr/bin/cc   -DCHECK_FUNCTION_EXISTS=pthread_create    CMakeFiles/cmTC_6c99c.dir/CheckFunctionExists.c.o  -o cmTC_6c99c -rdynamic -lpthreads 
/usr/bin/ld: cannot find -lpthreads
collect2: error: ld returned 1 exit status
CMakeFiles/cmTC_6c99c.dir/build.make:97: recipe for target 'cmTC_6c99c' failed
make[1]: *** [cmTC_6c99c] Error 1
make[1]: Leaving directory '/home/weizhang/DA-RNN/data/LabScene/data/table_finder/build/CMakeFiles/CMakeTmp'
Makefile:126: recipe for target 'cmTC_6c99c/fast' failed
make: *** [cmTC_6c99c/fast] Error 2


